-------------------------------------------------------------------------------
Test set: com.sos.mazerunner.test.util.GridArrayTest
-------------------------------------------------------------------------------
Tests run: 10, Failures: 2, Errors: 0, Skipped: 0, Time elapsed: 0.018 s <<< FAILURE! - in com.sos.mazerunner.test.util.GridArrayTest
testAddRowData  Time elapsed: 0.007 s  <<< FAILURE!
org.opentest4j.AssertionFailedError: Not yet implemented
	at com.sos.mazerunner.test.util.GridArrayTest.testAddRowData(GridArrayTest.java:146)

testToGridArray  Time elapsed: 0.001 s  <<< FAILURE!
org.opentest4j.AssertionFailedError: Not yet implemented
	at com.sos.mazerunner.test.util.GridArrayTest.testToGridArray(GridArrayTest.java:179)

